<?xml version="1.0" encoding="UTF-8"?>
<!-- Generated by org.testng.reporters.JUnitReportReporter -->
<testsuite skipped="0" hostname="LAPTOP-B2CJGCH7" name="test.day3" tests="2" failures="0" timestamp="10 Nov 2018 03:14:08 GMT" time="0.014" errors="0">
  <testcase name="Appiumlogin" time="0.012" classname="test.day3"/>
  <testcase name="weblogincar" time="0.002" classname="test.day3"/>
</testsuite> <!-- test.day3 -->
