<?xml version="1.0" encoding="UTF-8"?>
<!-- Generated by org.testng.reporters.JUnitReportReporter -->
<testsuite skipped="0" hostname="LAPTOP-B2CJGCH7" name="test.day1" tests="2" failures="0" timestamp="10 Nov 2018 03:14:08 GMT" time="0.024" errors="0">
  <testcase name="Day1" time="0.020" classname="test.day1"/>
  <testcase name="Demo" time="0.004" classname="test.day1"/>
</testsuite> <!-- test.day1 -->
