<?xml version="1.0" encoding="UTF-8"?>
<!-- Generated by org.testng.reporters.JUnitReportReporter -->
<testsuite skipped="0" hostname="LAPTOP-B2CJGCH7" name="test.day4" tests="3" failures="0" timestamp="10 Nov 2018 03:14:08 GMT" time="0.012" errors="0">
  <testcase name="Homemobilelogin" time="0.002" classname="test.day4"/>
  <testcase name="homeAppiumlogin" time="0.007" classname="test.day4"/>
  <testcase name="Homelogincar" time="0.003" classname="test.day4"/>
</testsuite> <!-- test.day4 -->
