<?xml version="1.0" encoding="UTF-8"?>
<!-- Generated by org.testng.reporters.JUnitReportReporter -->
<testsuite skipped="0" hostname="LAPTOP-B2CJGCH7" name="test.day2" tests="1" failures="0" timestamp="10 Nov 2018 03:14:08 GMT" time="0.006" errors="0">
  <testcase name="Day2" time="0.006" classname="test.day2"/>
</testsuite> <!-- test.day2 -->
