<?xml version="1.0" encoding="UTF-8"?>
<!-- Generated by org.testng.reporters.JUnitReportReporter -->
<testsuite skipped="0" hostname="LAPTOP-B2CJGCH7" name="com.test.GmailTest" tests="1" failures="0" timestamp="12 Dec 2018 05:16:57 GMT" time="16.634" errors="0">
  <testcase name="googleTitleTest" time="16.634" classname="com.test.GmailTest"/>
</testsuite> <!-- com.test.GmailTest -->
