<?xml version="1.0" encoding="UTF-8"?>
<!-- Generated by org.testng.reporters.JUnitReportReporter -->
<testsuite skipped="0" hostname="LAPTOP-B2CJGCH7" name="com.test.testngbasics" tests="1" failures="0" timestamp="10 Nov 2018 22:46:46 GMT" time="0.015" errors="0">
  <testcase name="googleTitleTest" time="0.015" classname="com.test.testngbasics"/>
</testsuite> <!-- com.test.testngbasics -->
