<?xml version="1.0" encoding="UTF-8"?>
<!-- Generated by org.testng.reporters.JUnitReportReporter -->
<testsuite skipped="0" hostname="LAPTOP-B2CJGCH7" name="com.test.Facebook" tests="6" failures="0" timestamp="14 Dec 2018 03:31:26 GMT" time="51.694" errors="0">
  <testcase name="test2" time="9.925" classname="com.test.Facebook"/>
  <testcase name="googleTitleTest" time="8.990" classname="com.test.Facebook"/>
  <testcase name="googlelogoTest" time="9.288" classname="com.test.Facebook"/>
  <testcase name="maillinktest" time="7.635" classname="com.test.Facebook"/>
  <testcase name="test3" time="7.502" classname="com.test.Facebook"/>
  <testcase name="test1" time="8.354" classname="com.test.Facebook"/>
</testsuite> <!-- com.test.Facebook -->
