<?xml version="1.0" encoding="UTF-8"?>
<!-- Generated by org.testng.reporters.JUnitReportReporter -->
<testsuite skipped="0" hostname="LAPTOP-B2CJGCH7" name="com.test.testngprac" tests="2" failures="0" timestamp="12 Dec 2018 04:22:20 GMT" time="0.016" errors="0">
  <testcase name="searchtext" time="0.000" classname="com.test.testngprac"/>
  <testcase name="googleTitleTest" time="0.016" classname="com.test.testngprac"/>
</testsuite> <!-- com.test.testngprac -->
